<?xml version="1.0" encoding="UTF-8"?>
<testsuite xmlns:xsi="http://www.w3.org/2001/XMLSchema-instance" xsi:noNamespaceSchemaLocation="https://maven.apache.org/surefire/maven-surefire-plugin/xsd/surefire-test-report.xsd" name="com.example.MinTest" time="0.034" tests="10" errors="4" skipped="0" failures="2">
  <properties>
    <property name="java.specification.version" value="21"/>
    <property name="sun.jnu.encoding" value="UTF-8"/>
    <property name="java.class.path" value="/Users/jasontan/code/school/CIS4150/A2/target/test-classes:/Users/jasontan/code/school/CIS4150/A2/target/classes:/Users/jasontan/.m2/repository/junit/junit/4.13.2/junit-4.13.2.jar:/Users/jasontan/.m2/repository/org/hamcrest/hamcrest-core/1.3/hamcrest-core-1.3.jar:"/>
    <property name="java.vm.vendor" value="Eclipse Adoptium"/>
    <property name="sun.arch.data.model" value="64"/>
    <property name="java.vendor.url" value="https://adoptium.net/"/>
    <property name="os.name" value="Mac OS X"/>
    <property name="java.vm.specification.version" value="21"/>
    <property name="sun.java.launcher" value="SUN_STANDARD"/>
    <property name="user.country" value="CA"/>
    <property name="sun.boot.library.path" value="/Library/Java/JavaVirtualMachines/temurin-21.jdk/Contents/Home/lib"/>
    <property name="sun.java.command" value="/Users/jasontan/code/school/CIS4150/A2/target/surefire/surefirebooter10249450283076892758.jar /Users/jasontan/code/school/CIS4150/A2/target/surefire 2024-11-07T18-15-33_870-jvmRun1 surefire6291544416299553818tmp surefire_07361528731111605519tmp"/>
    <property name="http.nonProxyHosts" value="local|*.local|169.254/16|*.169.254/16"/>
    <property name="jdk.debug" value="release"/>
    <property name="surefire.test.class.path" value="/Users/jasontan/code/school/CIS4150/A2/target/test-classes:/Users/jasontan/code/school/CIS4150/A2/target/classes:/Users/jasontan/.m2/repository/junit/junit/4.13.2/junit-4.13.2.jar:/Users/jasontan/.m2/repository/org/hamcrest/hamcrest-core/1.3/hamcrest-core-1.3.jar:"/>
    <property name="sun.cpu.endian" value="little"/>
    <property name="user.home" value="/Users/jasontan"/>
    <property name="user.language" value="en"/>
    <property name="java.specification.vendor" value="Oracle Corporation"/>
    <property name="java.version.date" value="2024-07-16"/>
    <property name="java.home" value="/Library/Java/JavaVirtualMachines/temurin-21.jdk/Contents/Home"/>
    <property name="file.separator" value="/"/>
    <property name="basedir" value="/Users/jasontan/code/school/CIS4150/A2"/>
    <property name="java.vm.compressedOopsMode" value="Zero based"/>
    <property name="line.separator" value="&#10;"/>
    <property name="java.vm.specification.vendor" value="Oracle Corporation"/>
    <property name="java.specification.name" value="Java Platform API Specification"/>
    <property name="apple.awt.application.name" value="ForkedBooter"/>
    <property name="surefire.real.class.path" value="/Users/jasontan/code/school/CIS4150/A2/target/surefire/surefirebooter10249450283076892758.jar"/>
    <property name="sun.management.compiler" value="HotSpot 64-Bit Tiered Compilers"/>
    <property name="ftp.nonProxyHosts" value="local|*.local|169.254/16|*.169.254/16"/>
    <property name="java.runtime.version" value="21.0.4+7-LTS"/>
    <property name="user.name" value="jasontan"/>
    <property name="stdout.encoding" value="UTF-8"/>
    <property name="path.separator" value=":"/>
    <property name="os.version" value="14.5"/>
    <property name="java.runtime.name" value="OpenJDK Runtime Environment"/>
    <property name="file.encoding" value="UTF-8"/>
    <property name="java.vm.name" value="OpenJDK 64-Bit Server VM"/>
    <property name="java.vendor.version" value="Temurin-21.0.4+7"/>
    <property name="localRepository" value="/Users/jasontan/.m2/repository"/>
    <property name="java.vendor.url.bug" value="https://github.com/adoptium/adoptium-support/issues"/>
    <property name="java.io.tmpdir" value="/var/folders/x1/753r6zhx1nxbb14w4djz82tc0000gn/T/"/>
    <property name="java.version" value="21.0.4"/>
    <property name="user.dir" value="/Users/jasontan/code/school/CIS4150/A2"/>
    <property name="os.arch" value="aarch64"/>
    <property name="java.vm.specification.name" value="Java Virtual Machine Specification"/>
    <property name="native.encoding" value="UTF-8"/>
    <property name="java.library.path" value="/Users/jasontan/Library/Java/Extensions:/Library/Java/Extensions:/Network/Library/Java/Extensions:/System/Library/Java/Extensions:/usr/lib/java:."/>
    <property name="java.vm.info" value="mixed mode"/>
    <property name="stderr.encoding" value="UTF-8"/>
    <property name="java.vendor" value="Eclipse Adoptium"/>
    <property name="java.vm.version" value="21.0.4+7-LTS"/>
    <property name="sun.io.unicode.encoding" value="UnicodeBig"/>
    <property name="socksNonProxyHosts" value="local|*.local|169.254/16|*.169.254/16"/>
    <property name="java.class.version" value="65.0"/>
  </properties>
  <testcase name="testMin[0]" classname="com.example.MinTest" time="0.005"/>
  <testcase name="testMin[1]" classname="com.example.MinTest" time="0"/>
  <testcase name="testMin[2]" classname="com.example.MinTest" time="0"/>
  <testcase name="testMin[3]" classname="com.example.MinTest" time="0"/>
  <testcase name="testMin[4]" classname="com.example.MinTest" time="0.001">
    <error message="Min.min" type="java.lang.IllegalArgumentException">java.lang.IllegalArgumentException: Min.min
	at com.example.MinTest.testMin(MinTest.java:147)
</error>
  </testcase>
  <testcase name="testMin[5]" classname="com.example.MinTest" time="0.001">
    <error message="Cannot invoke &quot;java.lang.Comparable.compareTo(Object)&quot; because &quot;comp&quot; is null" type="java.lang.NullPointerException">java.lang.NullPointerException: Cannot invoke "java.lang.Comparable.compareTo(Object)" because "comp" is null
	at com.example.MinTest.testMin(MinTest.java:147)
</error>
  </testcase>
  <testcase name="testMin[6]" classname="com.example.MinTest" time="0">
    <error message="class java.lang.String cannot be cast to class java.lang.Integer (java.lang.String and java.lang.Integer are in module java.base of loader &apos;bootstrap&apos;)" type="java.lang.ClassCastException">java.lang.ClassCastException: class java.lang.String cannot be cast to class java.lang.Integer (java.lang.String and java.lang.Integer are in module java.base of loader 'bootstrap')
	at com.example.MinTest.testMin(MinTest.java:147)
</error>
  </testcase>
  <testcase name="testMin[7]" classname="com.example.MinTest" time="0">
    <error message="Min.min" type="java.lang.NullPointerException">java.lang.NullPointerException: Min.min
	at com.example.MinTest.testMin(MinTest.java:147)
</error>
  </testcase>
  <testcase name="testMin[8]" classname="com.example.MinTest" time="0.001">
    <failure message="Should not return the expected (incorrect) value expected:&lt;2&gt; but was:&lt;1&gt;" type="java.lang.AssertionError"><![CDATA[java.lang.AssertionError: Should not return the expected (incorrect) value expected:<2> but was:<1>
	at com.example.MinTest.testMin(MinTest.java:150)
]]></failure>
  </testcase>
  <testcase name="testMin[9]" classname="com.example.MinTest" time="0">
    <failure message="Should not return the expected (incorrect) value expected:&lt;b&gt; but was:&lt;a&gt;" type="java.lang.AssertionError"><![CDATA[java.lang.AssertionError: Should not return the expected (incorrect) value expected:<b> but was:<a>
	at com.example.MinTest.testMin(MinTest.java:150)
]]></failure>
  </testcase>
</testsuite>